<?xml version="1.0" encoding="UTF-8"?>
<testng-results total="2" passed="2" failed="0" skipped="0">
  <reporter-output>
  </reporter-output>
  <suite started-at="2024-05-16T05:17:17Z" name="Default suite" finished-at="2024-05-16T05:17:17Z" duration-ms="47">
    <groups>
    </groups>
    <test started-at="2024-05-16T05:17:17Z" name="Default test" finished-at="2024-05-16T05:17:17Z" duration-ms="47">
      <class name="com.testng.TestNGexamples">
        <test-method is-config="true" signature="login()[pri:0, instance:com.testng.TestNGexamples@65b104b9]" started-at="2024-05-16T10:47:17Z" name="login" finished-at="2024-05-16T10:47:17Z" duration-ms="7" status="PASS">
          <reporter-output>
          </reporter-output>
        </test-method> <!-- login -->
        <test-method signature="addemp()[pri:0, instance:com.testng.TestNGexamples@65b104b9]" started-at="2024-05-16T10:47:17Z" name="addemp" finished-at="2024-05-16T10:47:17Z" duration-ms="6" status="PASS">
          <reporter-output>
          </reporter-output>
        </test-method> <!-- addemp -->
        <test-method signature="deleteemp()[pri:0, instance:com.testng.TestNGexamples@65b104b9]" started-at="2024-05-16T10:47:17Z" name="deleteemp" finished-at="2024-05-16T10:47:17Z" duration-ms="6" status="PASS">
          <reporter-output>
          </reporter-output>
        </test-method> <!-- deleteemp -->
        <test-method is-config="true" signature="logout()[pri:0, instance:com.testng.TestNGexamples@65b104b9]" started-at="2024-05-16T10:47:17Z" name="logout" finished-at="2024-05-16T10:47:17Z" duration-ms="0" status="PASS">
          <reporter-output>
          </reporter-output>
        </test-method> <!-- logout -->
      </class> <!-- com.testng.TestNGexamples -->
    </test> <!-- Default test -->
  </suite> <!-- Default suite -->
</testng-results>
